OK   chr7 (10.52s)
OK   chr4 (11.04s)
OK   chr1 (15.03s)
OK   chr8 (15.66s)
OK   chr6 (16.21s)
OK   chr5 (16.81s)
OK   chr3 (16.81s)
OK   chr2 (17.33s)
--- wave done ---
RETRY chr12 (attempt 1 produced no JSON)
RETRY chr16 (attempt 1 produced no JSON)
RETRY chr15 (attempt 1 produced no JSON)
OK   chr14 (9.05s)
OK   chr11 (9.05s)
OK   chr13 (10.81s)
OK   chr9 (11.28s)
OK   chr10 (12.04s)
OK   chr16 (7.07s)
OK   chr15 (6.82s)
OK   chr12 (7.78s)
--- wave done ---
OK   chrY (8.57s)
OK   chr22 (8.72s)
OK   chr19 (9.06s)
OK   chr21 (9.41s)
OK   chr17 (9.48s)
OK   chr18 (9.48s)
OK   chr20 (9.59s)
OK   chrX (11.63s)
--- wave done ---
MAP_SEC=59.99
